2026-03-28 19:47:14,055 - INFO - Serial communication established on /dev/ttyACM0 at 9600 baud rate
2026-03-28 19:47:14,055 - INFO - Plantcare script started
2026-03-28 19:47:15,565 - ERROR - Unexpected error: list index out of range
2026-03-28 19:47:16,566 - INFO - Received data: Humidity: 38%, Raw Value: 398, Dry-Wet Range: 505 - 220
2026-03-28 19:47:17,567 - INFO - Received data: Humidity: 40%, Raw Value: 392, Dry-Wet Range: 505 - 220
2026-03-28 19:47:18,567 - INFO - Received data: Humidity: 40%, Raw Value: 392, Dry-Wet Range: 505 - 220
2026-03-28 19:47:19,568 - INFO - Received data: Humidity: 40%, Raw Value: 391, Dry-Wet Range: 505 - 220
2026-03-28 19:47:20,568 - INFO - Received data: Humidity: 40%, Raw Value: 391, Dry-Wet Range: 505 - 220
2026-03-28 19:47:21,569 - INFO - Received data: Humidity: 40%, Raw Value: 391, Dry-Wet Range: 505 - 220
2026-03-28 19:47:22,569 - INFO - Received data: Humidity: 40%, Raw Value: 391, Dry-Wet Range: 505 - 220
2026-03-28 19:47:23,569 - INFO - Received data: Humidity: 40%, Raw Value: 391, Dry-Wet Range: 505 - 220
2026-03-28 19:47:24,570 - INFO - Received data: Humidity: 40%, Raw Value: 391, Dry-Wet Range: 505 - 220
2026-03-28 19:47:25,570 - INFO - Received data: Humidity: 40%, Raw Value: 391, Dry-Wet Range: 505 - 220
2026-03-28 19:47:26,571 - INFO - Received data: Humidity: 40%, Raw Value: 391, Dry-Wet Range: 505 - 220
2026-03-28 19:47:27,571 - INFO - Received data: Humidity: 40%, Raw Value: 391, Dry-Wet Range: 505 - 220
2026-03-28 19:47:28,572 - INFO - Received data: Humidity: 41%, Raw Value: 390, Dry-Wet Range: 505 - 220
2026-03-28 19:47:29,572 - INFO - Received data: Humidity: 41%, Raw Value: 390, Dry-Wet Range: 505 - 220
2026-03-28 19:47:30,573 - INFO - Received data: Humidity: 41%, Raw Value: 390, Dry-Wet Range: 505 - 220
2026-03-28 19:47:31,573 - INFO - Received data: Humidity: 41%, Raw Value: 389, Dry-Wet Range: 505 - 220
2026-03-28 19:47:32,574 - INFO - Received data: Humidity: 42%, Raw Value: 388, Dry-Wet Range: 505 - 220
2026-03-28 19:47:33,574 - INFO - Received data: Humidity: 42%, Raw Value: 388, Dry-Wet Range: 505 - 220
2026-03-28 19:47:34,575 - INFO - Received data: Humidity: 42%, Raw Value: 388, Dry-Wet Range: 505 - 220
2026-03-28 19:47:35,575 - INFO - Received data: Humidity: 42%, Raw Value: 388, Dry-Wet Range: 505 - 220
2026-03-28 19:47:36,576 - INFO - Received data: Humidity: 42%, Raw Value: 388, Dry-Wet Range: 505 - 220
2026-03-28 19:47:37,576 - INFO - Received data: Humidity: 42%, Raw Value: 388, Dry-Wet Range: 505 - 220
2026-03-28 19:47:38,577 - INFO - Received data: Humidity: 42%, Raw Value: 388, Dry-Wet Range: 505 - 220
2026-03-28 19:47:39,577 - INFO - Received data: Humidity: 42%, Raw Value: 388, Dry-Wet Range: 505 - 220
2026-03-28 19:47:40,578 - INFO - Received data: Humidity: 42%, Raw Value: 388, Dry-Wet Range: 505 - 220
2026-03-28 19:47:41,578 - INFO - Received data: Humidity: 42%, Raw Value: 388, Dry-Wet Range: 505 - 220
2026-03-28 19:47:42,579 - INFO - Received data: Humidity: 42%, Raw Value: 388, Dry-Wet Range: 505 - 220
2026-03-28 19:47:43,579 - INFO - Received data: Humidity: 42%, Raw Value: 388, Dry-Wet Range: 505 - 220
2026-03-28 19:47:44,580 - INFO - Received data: Humidity: 41%, Raw Value: 389, Dry-Wet Range: 505 - 220
2026-03-28 19:47:45,580 - INFO - Received data: Humidity: 42%, Raw Value: 388, Dry-Wet Range: 505 - 220
2026-03-28 19:47:46,581 - INFO - Received data: Humidity: 41%, Raw Value: 389, Dry-Wet Range: 505 - 220
2026-03-28 19:47:47,581 - INFO - Received data: Humidity: 41%, Raw Value: 389, Dry-Wet Range: 505 - 220
2026-03-28 19:47:48,582 - INFO - Received data: Humidity: 41%, Raw Value: 389, Dry-Wet Range: 505 - 220
2026-03-28 19:47:49,582 - INFO - Received data: Humidity: 41%, Raw Value: 389, Dry-Wet Range: 505 - 220
2026-03-28 19:47:50,583 - INFO - Received data: Humidity: 41%, Raw Value: 389, Dry-Wet Range: 505 - 220
2026-03-28 19:47:51,583 - INFO - Received data: Humidity: 41%, Raw Value: 389, Dry-Wet Range: 505 - 220
2026-03-28 19:47:52,583 - INFO - Received data: Humidity: 41%, Raw Value: 389, Dry-Wet Range: 505 - 220
2026-03-28 19:47:53,584 - INFO - Received data: Humidity: 41%, Raw Value: 389, Dry-Wet Range: 505 - 220
2026-03-28 19:47:54,584 - INFO - Received data: Humidity: 41%, Raw Value: 389, Dry-Wet Range: 505 - 220
2026-03-28 19:47:55,585 - INFO - Received data: Humidity: 41%, Raw Value: 389, Dry-Wet Range: 505 - 220
2026-03-28 19:47:56,585 - INFO - Received data: Humidity: 41%, Raw Value: 389, Dry-Wet Range: 505 - 220
2026-03-28 19:47:57,586 - INFO - Received data: Humidity: 41%, Raw Value: 390, Dry-Wet Range: 505 - 220
2026-03-28 19:47:58,586 - INFO - Received data: Humidity: 41%, Raw Value: 390, Dry-Wet Range: 505 - 220
2026-03-28 19:47:59,587 - INFO - Received data: Humidity: 41%, Raw Value: 390, Dry-Wet Range: 505 - 220
2026-03-28 19:48:00,587 - INFO - Received data: Humidity: 41%, Raw Value: 390, Dry-Wet Range: 505 - 220
2026-03-28 19:48:01,587 - INFO - Received data: Humidity: 40%, Raw Value: 391, Dry-Wet Range: 505 - 220
2026-03-28 19:48:02,588 - INFO - Received data: Humidity: 40%, Raw Value: 391, Dry-Wet Range: 505 - 220
2026-03-28 19:48:03,589 - INFO - Received data: Humidity: 40%, Raw Value: 391, Dry-Wet Range: 505 - 220
2026-03-28 19:48:04,589 - INFO - Received data: Humidity: 40%, Raw Value: 391, Dry-Wet Range: 505 - 220
2026-03-28 19:48:05,590 - INFO - Received data: Humidity: 40%, Raw Value: 391, Dry-Wet Range: 505 - 220
2026-03-28 19:48:06,590 - INFO - Received data: Humidity: 40%, Raw Value: 391, Dry-Wet Range: 505 - 220
2026-03-28 19:48:07,591 - INFO - Received data: Humidity: 40%, Raw Value: 391, Dry-Wet Range: 505 - 220
2026-03-28 19:48:08,591 - INFO - Received data: Humidity: 40%, Raw Value: 391, Dry-Wet Range: 505 - 220
2026-03-28 19:48:40,507 - INFO - Serial communication established on /dev/ttyACM0 at 9600 baud rate
2026-03-28 19:48:40,507 - INFO - Plantcare script started
2026-03-28 19:48:42,016 - ERROR - Unexpected error: list index out of range
2026-03-28 19:48:43,017 - INFO - Received data: Humidity: 38%, Raw Value: 397, Dry-Wet Range: 505 - 220
2026-03-28 19:50:34,840 - ERROR - Unexpected error: list index out of range
2026-03-28 19:50:35,841 - INFO - Received data: Humidity: 41%, Raw Value: 389, Dry-Wet Range: 505 - 220
2026-03-28 19:50:45,600 - ERROR - Unexpected error: 'utf-8' codec can't decode byte 0x9d in position 37: invalid start byte
2026-03-28 19:50:46,600 - INFO - Received data: Humidity: 41%, Raw Value: 389, Dry-Wet Range: 505 - 220
2026-03-28 19:50:57,063 - ERROR - Serial communication error: device reports readiness to read but returned no data (device disconnected or multiple access on port?). Attempting to reconnect...
2026-03-28 19:50:57,063 - WARNING - Serial connection failed: [Errno 2] could not open port /dev/ttyACM0: [Errno 2] No such file or directory: '/dev/ttyACM0'. Retrying in 5 seconds...
2026-03-28 19:51:03,066 - INFO - Serial communication established on /dev/ttyACM0 at 9600 baud rate
2026-03-28 19:51:04,578 - ERROR - Unexpected error: list index out of range
2026-03-28 19:51:05,579 - INFO - Received data: Humidity: 41%, Raw Value: 389, Dry-Wet Range: 505 - 220
2026-03-28 19:51:37,787 - ERROR - Unexpected error: 'utf-8' codec can't decode byte 0xaf in position 156: invalid start byte
2026-03-28 19:51:38,788 - INFO - Received data: Humidity: 42%, Raw Value: 388, Dry-Wet Range: 505 - 220
2026-03-28 19:53:47,494 - ERROR - Unexpected error: list index out of range
2026-03-28 19:53:48,494 - INFO - Received data: Humidity: 48%, Raw Value: 371, Dry-Wet Range: 505 - 220
2026-03-28 19:54:57,464 - INFO - Serial communication established on /dev/ttyACM0 at 9600 baud rate
2026-03-28 19:54:57,464 - INFO - Plantcare script started
2026-03-28 19:54:58,974 - ERROR - Unexpected error: list index out of range
2026-03-28 19:55:53,612 - ERROR - Unexpected error: list index out of range
2026-03-28 19:57:41,047 - INFO - Serial communication established on /dev/ttyACM0 at 9600 baud rate
2026-03-28 19:57:41,048 - INFO - Plantcare script started
2026-03-28 19:57:42,561 - ERROR - Unexpected error: list index out of range
2026-03-28 19:57:43,562 - INFO - Received data: Humidity: 48%, Raw Value: 369, Dry-Wet Range: 505 - 220
2026-03-28 19:59:59,780 - ERROR - Unexpected error: list index out of range
2026-03-28 20:00:00,780 - INFO - Received data: Humidity: 47%, Raw Value: 373, Dry-Wet Range: 505 - 220
2026-03-28 20:00:22,909 - INFO - Serial communication established on /dev/ttyACM0 at 9600 baud rate
2026-03-28 20:00:22,909 - INFO - Plantcare script started
2026-03-28 20:00:24,420 - ERROR - Unexpected error: list index out of range
2026-03-28 20:00:25,421 - INFO - Received data: Humidity: 52%, Raw Value: 359, Dry-Wet Range: 505 - 220
2026-03-28 20:02:27,412 - INFO - Serial communication established on /dev/ttyACM0 at 9600 baud rate
2026-03-28 20:02:27,413 - INFO - Plantcare script started
2026-03-28 20:02:28,925 - ERROR - Unexpected error: list index out of range
2026-03-28 20:02:29,926 - INFO - Received data: Humidity: 48%, Raw Value: 369, Dry-Wet Range: 505 - 220
2026-03-28 20:02:37,346 - ERROR - Unexpected error: list index out of range
2026-03-28 20:02:38,347 - INFO - Received data: Humidity: 48%, Raw Value: 369, Dry-Wet Range: 505 - 220
2026-03-28 20:04:05,313 - INFO - Serial communication established on /dev/ttyACM0 at 9600 baud rate
2026-03-28 20:04:05,313 - INFO - Plantcare script started
2026-03-28 20:04:06,828 - ERROR - Unexpected error: list index out of range
2026-03-28 20:04:07,828 - INFO - Received data: Humidity: 49%, Raw Value: 368, Dry-Wet Range: 505 - 220
2026-03-28 20:05:07,966 - ERROR - Unexpected error: list index out of range
2026-03-28 20:05:08,966 - INFO - Received data: Humidity: 47%, Raw Value: 372, Dry-Wet Range: 505 - 220
2026-03-28 20:05:15,638 - ERROR - Serial communication error: device reports readiness to read but returned no data (device disconnected or multiple access on port?). Attempting to reconnect...
2026-03-28 20:05:15,638 - WARNING - Serial connection failed: [Errno 2] could not open port /dev/ttyACM0: [Errno 2] No such file or directory: '/dev/ttyACM0'. Retrying in 5 seconds...
2026-03-28 20:05:21,641 - INFO - Serial communication established on /dev/ttyACM0 at 9600 baud rate
2026-03-28 20:05:23,154 - ERROR - Unexpected error: list index out of range
2026-03-28 20:05:24,155 - INFO - Received data: Humidity: 47%, Raw Value: 372, Dry-Wet Range: 505 - 220
2026-03-28 20:09:28,555 - INFO - Serial communication established on /dev/ttyACM0 at 9600 baud rate
2026-03-28 20:09:28,555 - INFO - Plantcare script started
2026-03-28 20:09:30,067 - ERROR - Unexpected error: list index out of range
2026-03-28 20:09:31,067 - INFO - Received data: Humidity: 52%, Raw Value: 358, Dry-Wet Range: 505 - 220
2026-03-28 20:11:00,212 - INFO - Received data: Humidity: 58%, Raw Value: WateringWatered342, Dry-Wet Range: 505 - 220
